 Sun Jun 04 2023 21:38:3  [undefined] info: 🛢 Database connected successfully 
 Sun Jun 04 2023 21:38:3  [undefined] info: Application is listening on port 5000 
 Sun Jun 04 2023 21:38:26  [undefined] info: 🛢 Database connected successfully 
 Sun Jun 04 2023 21:38:26  [undefined] info: Application is listening on port 5000 
 Sun Jun 04 2023 21:40:43  [undefined] info: 🛢 Database connected successfully 
 Sun Jun 04 2023 21:40:43  [undefined] info: Application is listening on port 5000 
 Sun Jun 04 2023 21:42:48  [undefined] info: 🛢 Database connected successfully 
 Sun Jun 04 2023 21:42:48  [undefined] info: Application is listening on port 5000 
 Sun Jun 04 2023 21:49:11  [undefined] info: 🛢 Database connected successfully 
 Sun Jun 04 2023 21:49:11  [undefined] info: Application is listening on port 5000 
 Sun Jun 04 2023 21:50:12  [undefined] info: 🛢 Database connected successfully 
 Sun Jun 04 2023 21:50:12  [undefined] info: Application is listening on port 5000 
 Sun Jun 04 2023 21:50:23  [undefined] info: 🛢 Database connected successfully 
 Sun Jun 04 2023 21:50:23  [undefined] info: Application is listening on port 5000 
 Sun Jun 04 2023 21:53:27 undefined info: 🛢 Database connected successfully 
 Sun Jun 04 2023 21:53:27 undefined info: Application is listening on port 5000 
 Sun Jun 04 2023 21:56:7 [PH!] info: 🛢 Database connected successfully 
 Sun Jun 04 2023 21:56:7 [PH!] info: Application is listening on port 5000 
 Sun Jun 04 2023 21:57:58 [PH!] info: 🛢 Database connected successfully 
 Sun Jun 04 2023 21:57:58 [PH!] info: Application is listening on port 5000 
