 [PH!] info: 🛢 Database connected successfully 2023-06-02T17:26:54.705Z
 [PH!] info: Application is listening on port 5000 2023-06-02T17:26:54.709Z
 [PH!] info: 🛢 Database connected successfully 2023-06-02T17:28:07.575Z
 [PH!] info: Application is listening on port 5000 2023-06-02T17:28:07.579Z
 [PH!] info: 🛢 Database connected successfully 2023-06-02T17:28:38.484Z
 [PH!] info: Application is listening on port 5000 2023-06-02T17:28:38.488Z
 [PH!] info: 🛢 Database connected successfully 2023-06-02T17:29:00.375Z
 [PH!] info: Application is listening on port 5000 2023-06-02T17:29:00.379Z
 [PH!] info: 🛢 Database connected successfully 2023-06-02T17:29:23.974Z
 [PH!] info: Application is listening on port 5000 2023-06-02T17:29:23.978Z
 Fri Jun 02 2023 23:30:14 GMT+0600 (Bangladesh Standard Time) [PH!] info: 🛢 Database connected successfully 2023-06-02T17:30:14.029Z
 Fri Jun 02 2023 23:30:14 GMT+0600 (Bangladesh Standard Time) [PH!] info: Application is listening on port 5000 2023-06-02T17:30:14.037Z
 Fri Jun 02 2023 23:31:29 GMT+0600 (Bangladesh Standard Time) 23:31:29 [PH!] info: 🛢 Database connected successfully 2023-06-02T17:31:29.468Z
 Fri Jun 02 2023 23:31:29 GMT+0600 (Bangladesh Standard Time) 23:31:29 [PH!] info: Application is listening on port 5000 2023-06-02T17:31:29.471Z
 Fri Jun 02 2023 23:32:02 GMT+0600 (Bangladesh Standard Time) 23:32:2 [PH!] info: 🛢 Database connected successfully 
 Fri Jun 02 2023 23:32:02 GMT+0600 (Bangladesh Standard Time) 23:32:2 [PH!] info: Application is listening on port 5000 
 {Fri Jun 02 2023 23:33:29 GMT+0600 (Bangladesh Standard Time) 23:33:29} [PH!] info: 🛢 Database connected successfully 
 {Fri Jun 02 2023 23:33:29 GMT+0600 (Bangladesh Standard Time) 23:33:29} [PH!] info: Application is listening on port 5000 
 Fri Jun 02 2023 23:35:24 GMT+0600 (Bangladesh Standard Time) 23:35:24 } [PH!] info: 🛢 Database connected successfully 
 Fri Jun 02 2023 23:35:24 GMT+0600 (Bangladesh Standard Time) 23:35:24 } [PH!] info: Application is listening on port 5000 
 Fri Jun 02 2023 23:37:01 GMT+0600 (Bangladesh Standard Time) 23:37:1 } [PH!] info: 🛢 Database connected successfully 
 Fri Jun 02 2023 23:37:01 GMT+0600 (Bangladesh Standard Time) 23:37:1 } [PH!] info: Application is listening on port 5000 
 Fri Jun 02 2023 23:38:19 GMT+0600 (Bangladesh Standard Time) 23:38:19 } [PH!] info: 🛢 Database connected successfully 
 Fri Jun 02 2023 23:38:19 GMT+0600 (Bangladesh Standard Time) 23:38:19 } [PH!] info: Application is listening on port 5000 
{
  message: '🛢 Database connected successfully',
  level: 'info',
  label: 'PH!',
  timestamp: '2023-06-02T17:39:50.264Z'
}
{
  message: 'Application is listening on port 5000',
  level: 'info',
  label: 'PH!',
  timestamp: '2023-06-02T17:39:50.270Z'
}
{
  message: '🛢 Database connected successfully',
  level: 'info',
  label: 'PH!',
  timestamp: '2023-06-02T17:40:33.982Z'
}
{
  message: 'Application is listening on port 5000',
  level: 'info',
  label: 'PH!',
  timestamp: '2023-06-02T17:40:33.988Z'
}
